PhanMemQuanLyThuChi/phanMemQuanLyThuChi/build/outputs/logs/manifest-merger-debug-report.txt
-- Merging decision tree log ---
manifest
ADDED from src\main\AndroidManifest.xml:2:1-55:12
	package
		ADDED from src\main\AndroidManifest.xml:3:5-42
		INJECTED from src\main\AndroidManifest.xml
		INJECTED from src\main\AndroidManifest.xml
	android:versionName
		ADDED from src\main\AndroidManifest.xml:5:5-30
		INJECTED from src\main\AndroidManifest.xml
		INJECTED from src\main\AndroidManifest.xml
	android:versionCode
		ADDED from src\main\AndroidManifest.xml:4:5-28
		INJECTED from src\main\AndroidManifest.xml
		INJECTED from src\main\AndroidManifest.xml
	xmlns:android
		ADDED from src\main\AndroidManifest.xml:2:11-69
uses-permission#android.permission.INTERNET
ADDED from src\main\AndroidManifest.xml:7:5-67
	android:name
		ADDED from src\main\AndroidManifest.xml:7:22-64
uses-permission#android.permission.ACCESS_NETWORK_STATE
ADDED from src\main\AndroidManifest.xml:8:5-79
	android:name
		ADDED from src\main\AndroidManifest.xml:8:22-76
application
ADDED from src\main\AndroidManifest.xml:10:5-53:19
MERGED from [com.android.support:support-v4:23.3.0] AndroidManifest.xml:22:5-20
	android:label
		ADDED from src\main\AndroidManifest.xml:13:9-41
	android:fullBackupContent
		ADDED from src\main\AndroidManifest.xml:11:9-41
	android:icon
		ADDED from src\main\AndroidManifest.xml:12:9-45
	android:theme
		ADDED from src\main\AndroidManifest.xml:14:9-40
activity#example.phanmemquanlythuchi.MainActivity
ADDED from src\main\AndroidManifest.xml:15:9-21:20
	android:name
		ADDED from src\main\AndroidManifest.xml:15:19-47
intent-filter#android.intent.action.MAIN+android.intent.category.LAUNCHER
ADDED from src\main\AndroidManifest.xml:16:13-20:29
action#android.intent.action.MAIN
ADDED from src\main\AndroidManifest.xml:17:17-69
	android:name
		ADDED from src\main\AndroidManifest.xml:17:25-66
category#android.intent.category.LAUNCHER
ADDED from src\main\AndroidManifest.xml:19:17-77
	android:name
		ADDED from src\main\AndroidManifest.xml:19:27-74
activity#example.phanmemquanlythuchi.TienChi
ADDED from src\main\AndroidManifest.xml:22:9-25:58
	android:label
		ADDED from src\main\AndroidManifest.xml:24:13-46
	android:parentActivityName
		ADDED from src\main\AndroidManifest.xml:25:13-55
	android:name
		ADDED from src\main\AndroidManifest.xml:23:13-36
activity#example.phanmemquanlythuchi.TienThu
ADDED from src\main\AndroidManifest.xml:26:9-29:58
	android:label
		ADDED from src\main\AndroidManifest.xml:28:13-46
	android:parentActivityName
		ADDED from src\main\AndroidManifest.xml:29:13-55
	android:name
		ADDED from src\main\AndroidManifest.xml:27:13-36
activity#example.phanmemquanlythuchi.DanhSachThuChi
ADDED from src\main\AndroidManifest.xml:30:9-33:58
	android:label
		ADDED from src\main\AndroidManifest.xml:32:13-46
	android:parentActivityName
		ADDED from src\main\AndroidManifest.xml:33:13-55
	android:name
		ADDED from src\main\AndroidManifest.xml:31:13-43
activity#example.phanmemquanlythuchi.BaoCaoThuChi
ADDED from src\main\AndroidManifest.xml:34:9-37:58
	android:label
		ADDED from src\main\AndroidManifest.xml:36:13-47
	android:parentActivityName
		ADDED from src\main\AndroidManifest.xml:37:13-55
	android:name
		ADDED from src\main\AndroidManifest.xml:35:13-41
activity#example.phanmemquanlythuchi.NgoaiTe
ADDED from src\main\AndroidManifest.xml:38:9-41:58
	android:label
		ADDED from src\main\AndroidManifest.xml:40:13-44
	android:parentActivityName
		ADDED from src\main\AndroidManifest.xml:41:13-55
	android:name
		ADDED from src\main\AndroidManifest.xml:39:13-36
activity#org.achartengine.GraphicalActivity
ADDED from src\main\AndroidManifest.xml:42:9-45:47
	android:parentActivityName
		ADDED from src\main\AndroidManifest.xml:44:13-55
	android:theme
		ADDED from src\main\AndroidManifest.xml:45:13-44
	android:name
		ADDED from src\main\AndroidManifest.xml:43:13-62
activity#example.phanmemquanlythuchi.LaiXuat
ADDED from src\main\AndroidManifest.xml:46:9-49:58
	android:label
		ADDED from src\main\AndroidManifest.xml:48:13-47
	android:parentActivityName
		ADDED from src\main\AndroidManifest.xml:49:13-55
	android:name
		ADDED from src\main\AndroidManifest.xml:47:13-36
activity#example.phanmemquanlythuchi.CircleActivity
ADDED from src\main\AndroidManifest.xml:50:9-52:36
	android:label
		ADDED from src\main\AndroidManifest.xml:52:13-33
	android:name
		ADDED from src\main\AndroidManifest.xml:51:13-43
uses-sdk
INJECTED from src\main\AndroidManifest.xml reason: use-sdk injection requested
MERGED from [com.android.support:support-v4:23.3.0] AndroidManifest.xml:20:5-43
	android:targetSdkVersion
		INJECTED from src\main\AndroidManifest.xml
		INJECTED from src\main\AndroidManifest.xml
	android:minSdkVersion
		INJECTED from src\main\AndroidManifest.xml
		INJECTED from src\main\AndroidManifest.xml